2016-08-30 15:50:15 INFO  IncentiveAdapter:69 - Pusher client is CONNECTED
2016-08-30 15:55:04 INFO  IncentiveAdapter:69 - Pusher client is CONNECTED
2016-08-30 15:59:27 INFO  IncentiveAdapter:86 - Received reminder request (data: {"recipient": {"type": "collective", "id": "6802"}, "incentive_text": "hello!", "incentive_type": "reminder", "location": {"city_name": "Hadera", "country_name": "Israel"}, "incentive_timestamp": "1472562180000"})
2016-08-30 15:59:27 INFO  IncentiveAdapter:117 - Reminder received: '{"recipient":{"type":"collective","id":"6802"},"incentive_text":"hello!","incentive_type":"reminder","location":{"city_name":"Hadera","country_name":"Israel"},"incentive_timestamp":"1472562180000"}'.
2016-08-30 15:59:27 INFO  IncentiveAdapter:132 - Sent to IS: '{ "project":"SmartSociety", "user_id":"6802", "geo":"{ "city_name:"Hadera", "country_name:"Israel" }", "subject":"hello!", "created_at":"2016-08-30T16:03:00+03:00" }'.
2016-08-30 16:00:43 INFO  IncentiveAdapter:91 - Received invalidate request (data: {"collective": "6802", "peers": [{"type": "peer", "id": "JhonnyD"}, {"type": "peer", "id": "Niceguy2"}]})
2016-08-30 16:00:43 INFO  IncentiveAdapter:166 - Peer Identifier{type=PEER, id='JhonnyD', postfix=''} was invalidated from collective 6802
2016-08-30 16:00:43 INFO  IncentiveAdapter:166 - Peer Identifier{type=PEER, id='Niceguy2', postfix=''} was invalidated from collective 6802
2016-08-30 16:22:05 INFO  IncentiveAdapter:69 - Pusher client is CONNECTED
2016-08-30 16:25:36 INFO  IncentiveAdapter:86 - Received reminder request (data: {"recipient": {"type": "collective", "id": "6802"}, "incentive_text": "hello!", "incentive_type": "reminder", "location": {"city_name": "Hadera", "country_name": "Israel"}, "incentive_timestamp": "1472563740000"})
2016-08-30 16:25:36 INFO  IncentiveAdapter:118 - Reminder received: '{"recipient":{"type":"collective","id":"6802"},"incentive_text":"hello!","incentive_type":"reminder","location":{"city_name":"Hadera","country_name":"Israel"},"incentive_timestamp":"1472563740000"}'.
2016-08-30 16:25:36 INFO  IncentiveAdapter:133 - Sent to IS: '{ "project":"SmartSociety", "user_id":"6802", "geo":"{ "city_name:"Hadera", "country_name:"Israel" }", "subject":"hello!", "created_at":"2016-08-30T13:29:00Z" }'.
2016-08-30 16:25:43 INFO  IncentiveAdapter:81 - Received intervention request (data: {"project": "smartcom", "intervention_text": "hello!", "collective_id": "6802", "intervention_type": "reminder"})
2016-08-30 16:25:44 INFO  PeerManager:61 - {  "collectedUsers": [    "JhonnyD",    "Niceguy2",    "AlbertW"  ]}
2016-08-30 16:25:45 INFO  PeerManager:61 - {  "username": "shakedhi",  "available": true,  "deliveryPolicy": 0,  "deliveryAddress": [    {      "channelType": "Email",      "contactParams": [        "shakedhi@post.bgu.ac.il"      ]    }  ]}
2016-08-30 16:28:40 INFO  IncentiveAdapter:91 - Received invalidate request (data: {"collective": "6802", "peers": [{"type": "peer", "id": "JhonnyD"}]})
2016-08-30 16:28:40 ERROR IncentiveAdapter:158 - null list (id: 6802).
2016-08-30 16:33:29 INFO  IncentiveAdapter:69 - Pusher client is CONNECTED
2016-08-30 16:35:35 INFO  IncentiveAdapter:86 - Received reminder request (data: {"recipient": {"type": "collective", "id": "6802"}, "incentive_text": "hello!", "incentive_type": "reminder", "location": {"city_name": "Hadera", "country_name": "Israel"}, "incentive_timestamp": "1472564280000"})
2016-08-30 16:35:35 INFO  IncentiveAdapter:118 - Reminder received: '{"recipient":{"type":"collective","id":"6802"},"incentive_text":"hello!","incentive_type":"reminder","location":{"city_name":"Hadera","country_name":"Israel"},"incentive_timestamp":"1472564280000"}'.
2016-08-30 16:35:35 INFO  IncentiveAdapter:133 - Sent to IS: '{ "project":"SmartSociety", "user_id":"6802", "geo":"{ "city_name:"Hadera", "country_name:"Israel" }", "subject":"hello!", "created_at":"2016-08-30T13:38:00Z" }'.
2016-08-30 16:35:49 INFO  IncentiveAdapter:81 - Received intervention request (data: {"project": "smartcom", "intervention_text": "hello!", "collective_id": "6802", "intervention_type": "reminder"})
2016-08-30 16:35:50 INFO  PeerManager:61 - {  "collectedUsers": [    "JhonnyD",    "Niceguy2",    "AlbertW"  ]}
2016-08-30 16:35:51 INFO  PeerManager:61 - {  "username": "shakedhi",  "available": true,  "deliveryPolicy": 0,  "deliveryAddress": [    {      "channelType": "Email",      "contactParams": [        "shakedhi@post.bgu.ac.il"      ]    }  ]}
2016-08-30 16:37:46 INFO  IncentiveAdapter:69 - Pusher client is CONNECTED
2016-08-30 16:38:29 INFO  IncentiveAdapter:86 - Received reminder request (data: {"recipient": {"type": "collective", "id": "6802"}, "incentive_text": "hello!", "incentive_type": "reminder", "location": {"city_name": "Hadera", "country_name": "Israel"}, "incentive_timestamp": "1472564280000"})
2016-08-30 16:38:29 INFO  IncentiveAdapter:118 - Reminder received: '{"recipient":{"type":"collective","id":"6802"},"incentive_text":"hello!","incentive_type":"reminder","location":{"city_name":"Hadera","country_name":"Israel"},"incentive_timestamp":"1472564280000"}'.
2016-08-30 16:38:29 INFO  IncentiveAdapter:133 - Sent to IS: '{ "project":"SmartSociety", "user_id":"6802", "geo":"{ "city_name:"Hadera", "country_name:"Israel" }", "subject":"hello!", "created_at":"2016-08-30T13:38:00Z" }'.
2016-08-30 16:38:32 INFO  IncentiveAdapter:81 - Received intervention request (data: {"project": "smartcom", "intervention_text": "hello!", "collective_id": "6802", "intervention_type": "reminder"})
2016-08-30 16:38:33 INFO  PeerManager:61 - {  "collectedUsers": [    "JhonnyD",    "Niceguy2",    "AlbertW"  ]}
2016-08-30 16:38:33 INFO  PeerManager:61 - {  "username": "shakedhi",  "available": true,  "deliveryPolicy": 0,  "deliveryAddress": [    {      "channelType": "Email",      "contactParams": [        "shakedhi@post.bgu.ac.il"      ]    }  ]}
2016-08-30 16:48:41 ERROR IncentiveAdapter:74 - There is a connection problem!
2016-08-30 16:48:41 INFO  IncentiveAdapter:69 - Pusher client is DISCONNECTED
2016-08-30 17:47:15 INFO  IncentiveAdapter:69 - Pusher client is CONNECTED
2016-08-30 17:49:38 INFO  IncentiveAdapter:86 - Received reminder request (data: {"recipient": {"type": "collective", "id": "6802"}, "incentive_text": "hello!", "incentive_type": "reminder", "location": {"city_name": "Hadera", "country_name": "Israel"}, "incentive_timestamp": "1472568900000"})
2016-08-30 17:49:38 INFO  IncentiveAdapter:118 - Reminder received: '{"recipient":{"type":"collective","id":"6802"},"incentive_text":"hello!","incentive_type":"reminder","location":{"city_name":"Hadera","country_name":"Israel"},"incentive_timestamp":"1472568900000"}'.
2016-08-30 17:49:38 INFO  IncentiveAdapter:133 - Sent to IS: '{ "project":"SmartSociety", "user_id":"6802", "geo":"{ "city_name:"Hadera", "country_name:"Israel" }", "subject":"hello!", "created_at":"2016-08-30T14:55:00Z" }'.
2016-08-30 17:49:52 INFO  IncentiveAdapter:81 - Received intervention request (data: {"project": "SmartSociety", "intervention_text": "hello!", "collective_id": "6802", "intervention_type": "reminder"})
2016-08-30 17:49:53 INFO  PeerManager:61 - {  "collectedUsers": [    "JhonnyD",    "Niceguy2",    "AlbertW"  ]}
2016-08-30 17:49:54 INFO  PeerManager:61 - {  "username": "shakedhi",  "available": true,  "deliveryPolicy": 0,  "deliveryAddress": [    {      "channelType": "Email",      "contactParams": [        "shakedhi@post.bgu.ac.il"      ]    }  ]}
2016-08-30 17:52:58 INFO  IncentiveAdapter:69 - Pusher client is CONNECTED
2016-08-30 17:53:37 INFO  IncentiveAdapter:86 - Received reminder request (data: {"recipient": {"type": "collective", "id": "6802"}, "incentive_text": "hello!", "incentive_type": "reminder", "location": {"city_name": "Hadera", "country_name": "Israel"}, "incentive_timestamp": "1472568900000"})
2016-08-30 17:53:37 INFO  IncentiveAdapter:118 - Reminder received: '{"recipient":{"type":"collective","id":"6802"},"incentive_text":"hello!","incentive_type":"reminder","location":{"city_name":"Hadera","country_name":"Israel"},"incentive_timestamp":"1472568900000"}'.
2016-08-30 17:53:37 INFO  IncentiveAdapter:133 - Sent to IS: '{ "project":"SmartSociety", "user_id":"6802", "geo":"{ "city_name:"Hadera", "country_name:"Israel" }", "subject":"hello!", "created_at":"2016-08-30T14:55:00Z" }'.
2016-08-30 17:53:45 INFO  IncentiveAdapter:81 - Received intervention request (data: {"project": "SmartSociety", "intervention_text": "hello!", "collective_id": "6802", "intervention_type": "reminder"})
2016-08-30 17:53:45 INFO  PeerManager:61 - {  "collectedUsers": [    "JhonnyD",    "Niceguy2",    "AlbertW"  ]}
2016-08-30 17:53:45 INFO  PeerManager:61 - {  "username": "shakedhi",  "available": true,  "deliveryPolicy": 0,  "deliveryAddress": [    {      "channelType": "Email",      "contactParams": [        "shakedhi@post.bgu.ac.il"      ]    }  ]}
2016-08-30 17:59:36 INFO  IncentiveAdapter:69 - Pusher client is CONNECTED
2016-08-30 18:00:23 INFO  IncentiveAdapter:86 - Received reminder request (data: {"recipient": {"type": "collective", "id": "6802"}, "incentive_text": "hello!", "incentive_type": "reminder", "location": {"city_name": "Hadera", "country_name": "Israel"}, "incentive_timestamp": "1472568900000"})
2016-08-30 18:00:23 INFO  IncentiveAdapter:118 - Reminder received: '{"recipient":{"type":"collective","id":"6802"},"incentive_text":"hello!","incentive_type":"reminder","location":{"city_name":"Hadera","country_name":"Israel"},"incentive_timestamp":"1472568900000"}'.
2016-08-30 18:00:23 INFO  IncentiveAdapter:133 - Sent to IS: '{ "project":"SmartSociety", "user_id":"6802", "geo":"{ "city_name:"Hadera", "country_name:"Israel" }", "subject":"hello!", "created_at":"2016-08-30T14:55:00Z" }'.
2016-08-30 18:00:28 INFO  IncentiveAdapter:81 - Received intervention request (data: {"project": "SmartSociety", "intervention_text": "hello!", "collective_id": "6802", "intervention_type": "reminder"})
2016-08-30 18:00:31 INFO  PeerManager:61 - {  "collectedUsers": [    "JhonnyD",    "Niceguy2",    "AlbertW"  ]}
2016-08-30 18:00:31 INFO  IncentiveAdapter:219 - Reminder was sent to the peers of collective 6802 that didn't respond.
2016-08-30 18:00:31 INFO  PeerManager:61 - {  "username": "shakedhi",  "available": true,  "deliveryPolicy": 0,  "deliveryAddress": [    {      "channelType": "Email",      "contactParams": [        "shakedhi@post.bgu.ac.il"      ]    }  ]}
2016-08-30 18:06:17 INFO  IncentiveAdapter:86 - Received reminder request (data: {"recipient": {"type": "collective", "id": "6802"}, "incentive_text": "12312", "incentive_type": "reminder", "location": {"city_name": "Hadera", "country_name": "Israel"}, "incentive_timestamp": "1472568900000"})
2016-08-30 18:06:17 INFO  IncentiveAdapter:118 - Reminder received: '{"recipient":{"type":"collective","id":"6802"},"incentive_text":"12312","incentive_type":"reminder","location":{"city_name":"Hadera","country_name":"Israel"},"incentive_timestamp":"1472568900000"}'.
2016-08-30 18:06:17 INFO  IncentiveAdapter:133 - Sent to IS: '{ "project":"SmartSociety", "user_id":"6802", "geo":"{ "city_name:"Hadera", "country_name:"Israel" }", "subject":"12312", "created_at":"2016-08-30T14:55:00Z" }'.
2016-08-30 18:06:24 INFO  IncentiveAdapter:81 - Received intervention request (data: {"project": "SmartSociety", "intervention_text": "12312", "collective_id": "6802", "intervention_type": "reminder"})
2016-08-30 18:06:27 INFO  PeerManager:61 - {  "collectedUsers": [    "JhonnyD",    "Niceguy2",    "AlbertW"  ]}
2016-08-30 18:06:27 INFO  IncentiveAdapter:219 - Reminder was sent to the peers of collective 6802 that didn't respond.
2016-08-30 18:13:42 INFO  IncentiveAdapter:86 - Received reminder request (data: {"recipient": {"type": "collective", "id": "6802"}, "incentive_text": "hello!", "incentive_type": "reminder", "location": {"city_name": "Hadera", "country_name": "Israel"}, "incentive_timestamp": "1472570220000"})
2016-08-30 18:13:44 INFO  IncentiveAdapter:118 - Reminder received: '{"recipient":{"type":"collective","id":"6802"},"incentive_text":"hello!","incentive_type":"reminder","location":{"city_name":"Hadera","country_name":"Israel"},"incentive_timestamp":"1472570220000"}'.
2016-08-30 18:13:46 INFO  IncentiveAdapter:133 - Sent to IS: '{ "project":"SmartSociety", "user_id":"6802", "geo":"{ "city_name:"Hadera", "country_name:"Israel" }", "subject":"hello!", "created_at":"2016-08-30T15:17:00Z" }'.
2016-08-30 18:15:41 INFO  IncentiveAdapter:91 - Received invalidate request (data: {"collective": "6802", "peers": [{"type": "peer", "id": "JhonnyD"}, {"type": "peer", "id": "Niceguy2"}]})
2016-08-30 18:15:41 INFO  IncentiveAdapter:167 - Peer Identifier{type=PEER, id='JhonnyD', postfix=''} was invalidated from collective 6802
2016-08-30 18:15:41 INFO  IncentiveAdapter:167 - Peer Identifier{type=PEER, id='Niceguy2', postfix=''} was invalidated from collective 6802
2016-08-30 18:17:00 INFO  IncentiveAdapter:81 - Received intervention request (data: {"project": "SmartSociety", "intervention_text": "hello!", "collective_id": "6802", "intervention_type": "reminder"})
2016-08-30 18:17:01 INFO  PeerManager:61 - {  "collectedUsers": [    "JhonnyD",    "Niceguy2",    "AlbertW"  ]}
2016-08-30 18:17:01 INFO  IncentiveAdapter:219 - Reminder was sent to the peers of collective 6802 that didn't respond.
2016-08-30 18:17:02 INFO  PeerManager:61 - {  "username": "shakedhi",  "available": true,  "deliveryPolicy": 0,  "deliveryAddress": [    {      "channelType": "Email",      "contactParams": [        "shakedhi@post.bgu.ac.il"      ]    }  ]}
2016-08-30 18:20:19 INFO  IncentiveAdapter:69 - Pusher client is CONNECTED
2016-08-30 18:20:36 INFO  IncentiveAdapter:86 - Received reminder request (data: {"recipient": {"type": "collective", "id": "6802"}, "incentive_text": "oh yeahhhhhhhhhhhhh", "incentive_type": "reminder", "location": {"city_name": "Hadera", "country_name": "Israel"}, "incentive_timestamp": "1472570520000"})
2016-08-30 18:20:36 INFO  IncentiveAdapter:118 - Reminder received: '{"recipient":{"type":"collective","id":"6802"},"incentive_text":"ohyeahhhhhhhhhhhhh","incentive_type":"reminder","location":{"city_name":"Hadera","country_name":"Israel"},"incentive_timestamp":"1472570520000"}'.
2016-08-30 18:21:38 INFO  IncentiveAdapter:86 - Received reminder request (data: {"recipient": {"type": "collective", "id": "6802"}, "incentive_text": "hello my friend!", "incentive_type": "reminder", "location": {"city_name": "Hadera", "country_name": "Israel"}, "incentive_timestamp": "1472570640000"})
2016-08-30 18:21:38 INFO  IncentiveAdapter:118 - Reminder received: '{"recipient":{"type":"collective","id":"6802"},"incentive_text":"hellomyfriend!","incentive_type":"reminder","location":{"city_name":"Hadera","country_name":"Israel"},"incentive_timestamp":"1472570640000"}'.
2016-08-30 18:21:38 INFO  IncentiveAdapter:133 - Sent to IS: '{ "project":"SmartSociety", "user_id":"6802", "geo":"{ "city_name:"Hadera", "country_name:"Israel" }", "subject":"hellomyfriend!", "created_at":"2016-08-30T15:24:00Z" }'.
2016-08-30 18:22:36 INFO  IncentiveAdapter:91 - Received invalidate request (data: {"collective": "6802", "peers": [{"type": "peer", "id": "JhonnyD"}, {"type": "peer", "id": "Niceguy2"}]})
2016-08-30 18:22:36 INFO  IncentiveAdapter:167 - Peer Identifier{type=PEER, id='JhonnyD', postfix=''} was invalidated from collective 6802
2016-08-30 18:22:36 INFO  IncentiveAdapter:167 - Peer Identifier{type=PEER, id='Niceguy2', postfix=''} was invalidated from collective 6802
2016-08-30 18:23:13 INFO  IncentiveAdapter:86 - Received reminder request (data: {"recipient": {"type": "collective", "id": "6801"}, "incentive_text": "blaaa", "incentive_type": "reminder", "location": {"city_name": "Hadera", "country_name": "Israel"}, "incentive_timestamp": "1472570640000"})
2016-08-30 18:23:13 INFO  IncentiveAdapter:118 - Reminder received: '{"recipient":{"type":"collective","id":"6801"},"incentive_text":"blaaa","incentive_type":"reminder","location":{"city_name":"Hadera","country_name":"Israel"},"incentive_timestamp":"1472570640000"}'.
2016-08-30 18:23:13 INFO  IncentiveAdapter:133 - Sent to IS: '{ "project":"SmartSociety", "user_id":"6801", "geo":"{ "city_name:"Hadera", "country_name:"Israel" }", "subject":"blaaa", "created_at":"2016-08-30T15:24:00Z" }'.
2016-08-30 18:24:01 INFO  IncentiveAdapter:81 - Received intervention request (data: {"project": "SmartSociety", "intervention_text": "hellomyfriend!", "collective_id": "6802", "intervention_type": "reminder"})
2016-08-30 18:24:01 INFO  PeerManager:61 - {  "collectedUsers": [    "JhonnyD",    "Niceguy2",    "AlbertW"  ]}
2016-08-30 18:24:02 INFO  IncentiveAdapter:211 - Reminder was sent to the peers of collective 6802 that didn't respond.
2016-08-30 18:24:02 INFO  IncentiveAdapter:81 - Received intervention request (data: {"project": "SmartSociety", "intervention_text": "blaaa", "collective_id": "6801", "intervention_type": "reminder"})
2016-08-30 18:24:02 INFO  PeerManager:61 - {  "collectedUsers": [    "JhonnyD",    "Niceguy2",    "AlbertW"  ]}
2016-08-30 18:24:02 INFO  IncentiveAdapter:211 - Reminder was sent to the peers of collective 6801 that didn't respond.
2016-08-30 18:24:02 INFO  PeerManager:61 - {  "username": "shakedhi",  "available": true,  "deliveryPolicy": 0,  "deliveryAddress": [    {      "channelType": "Email",      "contactParams": [        "shakedhi@post.bgu.ac.il"      ]    }  ]}
2016-08-30 18:30:26 INFO  IncentiveAdapter:69 - Pusher client is CONNECTED
2016-08-30 18:33:11 INFO  IncentiveAdapter:86 - Received reminder request (data: {"recipient": {"type": "collective", "id": "6802"}, "incentive_text": "hello my friend!", "incentive_type": "reminder", "location": {"city_name": "Hadera", "country_name": "Israel"}, "incentive_timestamp": "1472571325000"})
2016-08-30 18:33:11 INFO  IncentiveAdapter:118 - Reminder received: '{"recipient": {"type": "collective", "id": "6802"}, "incentive_text": "hello my friend!", "incentive_type": "reminder", "location": {"city_name": "Hadera", "country_name": "Israel"}, "incentive_timestamp": "1472571325000"}'.
2016-08-30 18:35:40 INFO  IncentiveAdapter:69 - Pusher client is CONNECTED
2016-08-30 18:36:13 INFO  IncentiveAdapter:86 - Received reminder request (data: {"recipient": {"type": "collective", "id": "6802"}, "incentive_text": "hello my friend!", "incentive_type": "reminder", "location": {"city_name": "Hadera", "country_name": "Israel"}, "incentive_timestamp": "1472571350000"})
2016-08-30 18:36:13 INFO  IncentiveAdapter:131 - Reminder received: '    {
  "incentive_type": "reminder",
  "incentive_text": 
     "{\"task_id\": \"969cef30-c352-11e5-8e1c-0242ac120002\"}",
  "incentive_timestamp": \u00A0"1456392624000",
  "location": {
  	"city_name": \u00A0\u00A0\u00A0"Hadera",
  	"country_name": "Israel"
  },
  "recipient": {
    "type": "collective",
    "id": "6802"
  }
}'.
2016-08-30 18:36:13 INFO  IncentiveAdapter:133 - Reminder received: ' { "incentive_type": "reminder", "incentive_text": "{\"task_id\": \"969cef30-c352-11e5-8e1c-0242ac120002\"}", "incentive_timestamp": \u00A0"1456392624000", "location": { "city_name": \u00A0\u00A0\u00A0"Hadera", "country_name": "Israel" }, "recipient": { "type": "collective", "id": "6802" } }'.
2016-08-30 18:37:20 INFO  IncentiveAdapter:69 - Pusher client is CONNECTED
2016-08-30 18:37:41 INFO  IncentiveAdapter:86 - Received reminder request (data: {"recipient": {"type": "collective", "id": "6802"}, "incentive_text": "hello my friend!", "incentive_type": "reminder", "location": {"city_name": "Hadera", "country_name": "Israel"}, "incentive_timestamp": "1472571430000"})
2016-08-30 18:37:41 INFO  IncentiveAdapter:131 - Reminder received: '    {
  "incentive_type": "reminder",
  "incentive_text": 
     "{\"task_id\": \"969cef30-c352-11e5-8e1c-0242ac120002\"}",
  "incentive_timestamp":  "1456392624000",
  "location": {
  	"city_name":    "Hadera",
  	"country_name": "Israel"
  },
  "recipient": {
    "type": "collective",
    "id": "6802"
  }
}'.
2016-08-30 18:37:41 INFO  IncentiveAdapter:133 - Reminder received: ' { "incentive_type": "reminder", "incentive_text": "{\"task_id\": \"969cef30-c352-11e5-8e1c-0242ac120002\"}", "incentive_timestamp": "1456392624000", "location": { "city_name": "Hadera", "country_name": "Israel" }, "recipient": { "type": "collective", "id": "6802" } }'.
2016-08-30 18:38:28 INFO  IncentiveAdapter:69 - Pusher client is CONNECTED
2016-08-30 18:38:54 INFO  IncentiveAdapter:86 - Received reminder request (data: {"recipient": {"type": "collective", "id": "6802"}, "incentive_text": "hello my friend!", "incentive_type": "reminder", "location": {"city_name": "Hadera", "country_name": "Israel"}, "incentive_timestamp": "1472571504000"})
2016-08-30 18:38:54 INFO  IncentiveAdapter:131 - Reminder received: '    {
  "incentive_type": "reminder",
  "incentive_text": 
     "{\"task_id\": \"969cef30-c352-11e5-8e1c-0242ac120002\"}",
  "incentive_timestamp":  "1456392624000",
  "location": {
  	"city_name":    "Hadera",
  	"country_name": "Israel"
  },
  "recipient": {
    "type": "collective",
    "id": "6802"
  }
}'.
2016-08-30 18:38:54 INFO  IncentiveAdapter:133 - Reminder received: ' { "incentive_type": "reminder", "incentive_text": "{\"task_id\": \"969cef30-c352-11e5-8e1c-0242ac120002\"}", "incentive_timestamp": "1456392624000", "location": { "city_name": "Hadera", "country_name": "Israel" }, "recipient": { "type": "collective", "id": "6802" } }'.
2016-08-30 18:38:54 INFO  IncentiveAdapter:148 - Sent to IS: '{ "project":"SmartSociety", "user_id":"6802", "geo":"{ "city_name:"Hadera", "country_name:"Israel" }", "subject":"{"task_id": "969cef30-c352-11e5-8e1c-0242ac120002"}", "created_at":"2016-02-25T09:30:24Z" }'.
2016-09-04 12:36:38 INFO  IncentiveAdapter:65 - Pusher client is CONNECTED
2016-09-04 12:37:50 INFO  IncentiveAdapter:65 - Pusher client is CONNECTED
2016-09-04 12:53:59 INFO  IncentiveAdapter:75 - Received intervention request (data: {"project": "SmartSociety", "intervention_text": "{\"task_id\": \"969cef30-c352-11e5-8e1c-0242ac120002\"}", "collective_id": "6802", "invalidated": [], "intervention_type": "reminder"})
2016-09-04 12:54:00 INFO  PeerManager:62 - {  "collectedUsers": [    "JhonnyD",    "Niceguy2",    "AlbertW"  ]}
2016-09-04 12:54:01 INFO  IncentiveAdapter:140 - Reminder was sent to the peers of collective 6802 that didn't respond.
2016-09-04 12:54:01 INFO  PeerManager:62 - {  "username": "shakedhi",  "available": true,  "deliveryPolicy": 0,  "deliveryAddress": [    {      "channelType": "Email",      "contactParams": [        "shakedhi@post.bgu.ac.il"      ]    }  ]}
2016-09-04 12:57:01 INFO  IncentiveAdapter:75 - Received intervention request (data: {"project": "SmartSociety", "intervention_text": "{\"task_id\": \"969cef30-c352-11e5-8e1c-0242ac120002\"}", "collective_id": "6802", "invalidated": [], "intervention_type": "reminder"})
2016-09-04 12:57:01 INFO  PeerManager:62 - {  "collectedUsers": [    "JhonnyD",    "Niceguy2",    "AlbertW"  ]}
2016-09-04 12:57:01 INFO  IncentiveAdapter:140 - Reminder was sent to the peers of collective 6802 that didn't respond.
2016-09-04 12:59:01 INFO  IncentiveAdapter:75 - Received intervention request (data: {"project": "SmartSociety", "intervention_text": "{\"task_id\": \"969cef30-c352-11e5-8e1c-0242ac120002\"}", "collective_id": "6802", "invalidated": [["JhonnyD"], ["Niceguy2"]], "intervention_type": "reminder"})
2016-09-04 12:59:01 INFO  PeerManager:62 - {  "collectedUsers": [    "JhonnyD",    "Niceguy2",    "AlbertW"  ]}
2016-09-04 13:03:05 INFO  IncentiveAdapter:75 - Received intervention request (data: {"project": "SmartSociety", "intervention_text": "{\"task_id\": \"969cef30-c352-11e5-8e1c-0242ac120002\"}", "collective_id": "6802", "invalidated": [["JhonnyD"], ["Niceguy2"]], "intervention_type": "reminder"})
2016-09-04 13:03:07 INFO  PeerManager:62 - {  "collectedUsers": [    "JhonnyD",    "Niceguy2",    "AlbertW"  ]}
2016-09-04 13:04:42 INFO  IncentiveAdapter:75 - Received intervention request (data: {"project": "SmartSociety", "intervention_text": "{\"task_id\": \"969cef30-c352-11e5-8e1c-0242ac120002\"}", "collective_id": "6802", "invalidated": ["JhonnyD", "Niceguy2"], "intervention_type": "reminder"})
2016-09-04 13:04:42 INFO  PeerManager:62 - {  "collectedUsers": [    "JhonnyD",    "Niceguy2",    "AlbertW"  ]}
2016-09-04 13:04:42 INFO  IncentiveAdapter:140 - Reminder was sent to the peers of collective 6802 that didn't respond.
2016-09-04 13:04:42 INFO  PeerManager:62 - {  "username": "shakedhi",  "available": true,  "deliveryPolicy": 0,  "deliveryAddress": [    {      "channelType": "Email",      "contactParams": [        "shakedhi@post.bgu.ac.il"      ]    }  ]}
2016-09-04 13:09:10 INFO  IncentiveAdapter:65 - Pusher client is CONNECTED
2016-09-04 13:12:00 INFO  IncentiveAdapter:75 - Received intervention request (data: {"project": "SmartSociety", "intervention_text": "{\"task_id\": \"969cef30-c352-11e5-8e1c-0242ac120002\"}", "collective_id": "6802", "invalidated": ["Niceguy2"], "intervention_type": "reminder"})
2016-09-04 13:12:03 INFO  PeerManager:62 - {  "collectedUsers": [    "JhonnyD",    "Niceguy2",    "AlbertW"  ]}
2016-09-04 13:12:03 INFO  IncentiveAdapter:117 - Peer Niceguy2 was invalidated from collective 6802
2016-09-04 13:12:03 INFO  IncentiveAdapter:144 - Reminder was sent to the peers of collective 6802 that didn't respond.
2016-09-04 13:12:04 INFO  PeerManager:62 - {  "username": "shakedhi",  "available": true,  "deliveryPolicy": 0,  "deliveryAddress": [    {      "channelType": "Email",      "contactParams": [        "shakedhi@post.bgu.ac.il"      ]    }  ]}
2016-09-04 13:26:33 INFO  IncentiveAdapter:66 - Pusher client is CONNECTED
2016-09-04 13:30:00 INFO  IncentiveAdapter:76 - Received intervention request (data: {"project": "SmartSociety", "intervention_text": "{\"task_id\": \"969cef30-c352-11e5-8e1c-0242ac120002\"}", "collective_id": "6802", "invalidated": ["JhonnyD", "Niceguy2"], "intervention_type": "reminder"})
2016-09-04 13:30:01 INFO  PeerManager:63 - { "collectedUsers": [ "JhonnyD", "Niceguy2", "AlbertW" ]}
2016-09-04 13:30:01 INFO  IncentiveAdapter:109 - Peer JhonnyD was invalidated from collective 6802
2016-09-04 13:30:01 INFO  IncentiveAdapter:109 - Peer Niceguy2 was invalidated from collective 6802
2016-09-04 13:30:02 INFO  IncentiveAdapter:135 - Reminder was sent to the peers of collective 6802 that didn't respond.
2016-09-04 13:30:02 INFO  PeerManager:63 - {}
2016-09-04 13:30:02 ERROR PeerInfoService:120 - Error while retrieving peerinfo for peer Identifier{type=PEER, id='AlbertW', postfix=''}
java.util.concurrent.ExecutionException: at.ac.tuwien.dsg.smartcom.callback.exception.NoSuchPeerException
	at com.google.common.util.concurrent.AbstractFuture$Sync.getValue(AbstractFuture.java:299)
	at com.google.common.util.concurrent.AbstractFuture$Sync.get(AbstractFuture.java:286)
	at com.google.common.util.concurrent.AbstractFuture.get(AbstractFuture.java:116)
	at com.google.common.util.concurrent.Uninterruptibles.getUninterruptibly(Uninterruptibles.java:135)
	at com.google.common.cache.LocalCache$Segment.getAndRecordStats(LocalCache.java:2346)
	at com.google.common.cache.LocalCache$Segment.loadSync(LocalCache.java:2318)
	at com.google.common.cache.LocalCache$Segment.lockedGetOrLoad(LocalCache.java:2280)
	at com.google.common.cache.LocalCache$Segment.get(LocalCache.java:2195)
	at com.google.common.cache.LocalCache.get(LocalCache.java:3934)
	at com.google.common.cache.LocalCache.getOrLoad(LocalCache.java:3938)
	at com.google.common.cache.LocalCache$LocalLoadingCache.get(LocalCache.java:4821)
	at at.ac.tuwien.dsg.smartcom.manager.messaging.PeerInfoServiceImpl.getPeerInfo(PeerInfoServiceImpl.java:115)
	at at.ac.tuwien.dsg.smartcom.manager.messaging.MessagingAndRoutingManagerImpl.deliverToPeer(MessagingAndRoutingManagerImpl.java:346)
	at at.ac.tuwien.dsg.smartcom.manager.messaging.MessagingAndRoutingManagerImpl.handleMessage(MessagingAndRoutingManagerImpl.java:300)
	at at.ac.tuwien.dsg.smartcom.manager.messaging.MessagingAndRoutingManagerImpl$2.run(MessagingAndRoutingManagerImpl.java:218)
	at java.util.concurrent.Executors$RunnableAdapter.call(Executors.java:511)
	at java.util.concurrent.FutureTask.run(FutureTask.java:266)
	at java.util.concurrent.ThreadPoolExecutor.runWorker(ThreadPoolExecutor.java:1142)
	at java.util.concurrent.ThreadPoolExecutor$Worker.run(ThreadPoolExecutor.java:617)
	at java.lang.Thread.run(Thread.java:745)
Caused by: at.ac.tuwien.dsg.smartcom.callback.exception.NoSuchPeerException
	at adapter.PeerManager.getPeerInfo(PeerManager.java:102)
	at at.ac.tuwien.dsg.smartcom.manager.messaging.PeerInfoServiceImpl$1.load(PeerInfoServiceImpl.java:73)
	at at.ac.tuwien.dsg.smartcom.manager.messaging.PeerInfoServiceImpl$1.load(PeerInfoServiceImpl.java:68)
	at com.google.common.cache.LocalCache$LoadingValueReference.loadFuture(LocalCache.java:3524)
	at com.google.common.cache.LocalCache$Segment.loadSync(LocalCache.java:2317)
	... 14 more
2016-09-04 13:52:57 INFO  IncentiveAdapter:68 - Pusher client is CONNECTED
2016-09-04 13:54:00 INFO  IncentiveAdapter:78 - Received intervention request (data: {"project": "SmartSociety", "intervention_text": "{\"task_id\": \"969cef30-c352-11e5-8e1c-0242ac120002\"}", "collective_id": "6802", "invalidated": ["JhonnyD", "Niceguy2"], "intervention_type": "reminder"})
2016-09-04 13:54:02 INFO  PeerManager:63 - { "collectedUsers": [ "JhonnyD", "Niceguy2", "AlbertW" ]}
2016-09-04 13:54:02 INFO  IncentiveAdapter:111 - Peer JhonnyD was invalidated from collective 6802
2016-09-04 13:54:02 INFO  IncentiveAdapter:111 - Peer Niceguy2 was invalidated from collective 6802
2016-09-04 13:54:02 INFO  IncentiveAdapter:137 - Reminder was sent to the peers of collective 6802 that didn't respond.
2016-09-04 13:54:03 INFO  PeerManager:63 - {}
2016-09-04 13:54:03 ERROR PeerInfoService:120 - Error while retrieving peerinfo for peer Identifier{type=PEER, id='AlbertW', postfix=''}
java.util.concurrent.ExecutionException: at.ac.tuwien.dsg.smartcom.callback.exception.NoSuchPeerException
	at com.google.common.util.concurrent.AbstractFuture$Sync.getValue(AbstractFuture.java:299)
	at com.google.common.util.concurrent.AbstractFuture$Sync.get(AbstractFuture.java:286)
	at com.google.common.util.concurrent.AbstractFuture.get(AbstractFuture.java:116)
	at com.google.common.util.concurrent.Uninterruptibles.getUninterruptibly(Uninterruptibles.java:135)
	at com.google.common.cache.LocalCache$Segment.getAndRecordStats(LocalCache.java:2346)
	at com.google.common.cache.LocalCache$Segment.loadSync(LocalCache.java:2318)
	at com.google.common.cache.LocalCache$Segment.lockedGetOrLoad(LocalCache.java:2280)
	at com.google.common.cache.LocalCache$Segment.get(LocalCache.java:2195)
	at com.google.common.cache.LocalCache.get(LocalCache.java:3934)
	at com.google.common.cache.LocalCache.getOrLoad(LocalCache.java:3938)
	at com.google.common.cache.LocalCache$LocalLoadingCache.get(LocalCache.java:4821)
	at at.ac.tuwien.dsg.smartcom.manager.messaging.PeerInfoServiceImpl.getPeerInfo(PeerInfoServiceImpl.java:115)
	at at.ac.tuwien.dsg.smartcom.manager.messaging.MessagingAndRoutingManagerImpl.deliverToPeer(MessagingAndRoutingManagerImpl.java:346)
	at at.ac.tuwien.dsg.smartcom.manager.messaging.MessagingAndRoutingManagerImpl.handleMessage(MessagingAndRoutingManagerImpl.java:300)
	at at.ac.tuwien.dsg.smartcom.manager.messaging.MessagingAndRoutingManagerImpl$2.run(MessagingAndRoutingManagerImpl.java:218)
	at java.util.concurrent.Executors$RunnableAdapter.call(Executors.java:511)
	at java.util.concurrent.FutureTask.run(FutureTask.java:266)
	at java.util.concurrent.ThreadPoolExecutor.runWorker(ThreadPoolExecutor.java:1142)
	at java.util.concurrent.ThreadPoolExecutor$Worker.run(ThreadPoolExecutor.java:617)
	at java.lang.Thread.run(Thread.java:745)
Caused by: at.ac.tuwien.dsg.smartcom.callback.exception.NoSuchPeerException
	at adapter.PeerManager.getPeerInfo(PeerManager.java:102)
	at at.ac.tuwien.dsg.smartcom.manager.messaging.PeerInfoServiceImpl$1.load(PeerInfoServiceImpl.java:73)
	at at.ac.tuwien.dsg.smartcom.manager.messaging.PeerInfoServiceImpl$1.load(PeerInfoServiceImpl.java:68)
	at com.google.common.cache.LocalCache$LoadingValueReference.loadFuture(LocalCache.java:3524)
	at com.google.common.cache.LocalCache$Segment.loadSync(LocalCache.java:2317)
	... 14 more
2016-09-04 13:56:09 INFO  IncentiveAdapter:68 - Pusher client is CONNECTED
2016-09-04 13:59:01 INFO  IncentiveAdapter:78 - Received intervention request (data: {"project": "SmartSociety", "intervention_text": "{\"task_id\": \"969cef30-c352-11e5-8e1c-0242ac120002\"}", "collective_id": "6802", "invalidated": ["JhonnyD", "Niceguy2"], "intervention_type": "reminder"})
2016-09-04 13:59:02 INFO  PeerManager:63 - { "collectedUsers": [ "JhonnyD", "Niceguy2", "AlbertW" ]}
2016-09-04 13:59:02 INFO  IncentiveAdapter:111 - Peer JhonnyD was invalidated from collective 6802
2016-09-04 13:59:02 INFO  IncentiveAdapter:111 - Peer Niceguy2 was invalidated from collective 6802
2016-09-04 13:59:02 INFO  IncentiveAdapter:137 - Reminder was sent to the peers of collective 6802 that didn't respond.
2016-09-04 13:59:02 INFO  PeerManager:63 - {}
2016-09-27 22:11:19 INFO  IncentiveAdapter:66 - Pusher client is CONNECTED
2016-09-27 22:18:18 INFO  IncentiveAdapter:76 - Received intervention request (data: {"intervention_text": "hello!", "recipient": {"type": "shakedhi", "id": "peer"}, "intervention_type": "message"})
2016-09-27 22:18:20 ERROR PeerManager:52 - PeerManager.request: status code 500
2016-09-27 22:18:20 INFO  PeerManager:63 - Oops! Something went wrong, please contact the developer.
2016-09-27 22:22:03 INFO  IncentiveAdapter:76 - Received intervention request (data: {"intervention_text": "hello!", "recipient": {"type": "peer", "id": "shakedhi"}, "intervention_type": "message"})
2016-09-27 22:22:03 INFO  PeerManager:63 - { "username": "shakedhi", "available": true, "deliveryPolicy": 0, "deliveryAddress": [ { "channelType": "Email", "contactParams": [ "shakedhi@post.bgu.ac.il" ] } ]}
2016-09-27 22:25:23 INFO  IncentiveAdapter:76 - Received intervention request (data: {"intervention_text": "hello!", "recipient": {"type": "collective", "id": "6802"}, "intervention_type": "message"})
2016-09-27 22:25:24 INFO  PeerManager:63 - { "collectedUsers": [ "JhonnyD", "Niceguy2", "AlbertW" ]}
2016-09-27 22:25:24 INFO  PeerManager:63 - {}
2016-09-27 22:27:56 INFO  IncentiveAdapter:66 - Pusher client is CONNECTED
2016-09-27 22:29:55 INFO  IncentiveAdapter:76 - Received intervention request (data: {"intervention_text": "hello!", "recipient": {"type": "collective", "id": "6802"}, "intervention_type": "message"})
2016-09-27 22:29:55 INFO  IncentiveAdapter:129 - Incentive was sent to the peer/collective with id: 6802
2016-09-27 22:29:56 INFO  PeerManager:63 - { "collectedUsers": [ "JhonnyD", "Niceguy2", "AlbertW" ]}
2016-09-27 22:29:57 INFO  PeerManager:63 - {}
2016-09-27 22:31:12 INFO  IncentiveAdapter:76 - Received intervention request (data: {"intervention_text": "hello!", "recipient": {"type": "collective", "id": "6802"}, "intervention_type": "message"})
2016-09-27 22:31:12 INFO  IncentiveAdapter:129 - Incentive was sent to the peer/collective with id: 6802
2016-09-27 22:31:12 INFO  PeerManager:63 - { "collectedUsers": [ "JhonnyD", "Niceguy2", "AlbertW" ]}
2016-09-27 22:31:12 INFO  PeerManager:63 - {}
2016-09-27 22:40:09 INFO  IncentiveAdapter:76 - Received intervention request (data: {"intervention_text": "hello!", "recipient": {"type": "peer", "id": "shakedhi"}, "intervention_type": "message"})
2016-09-27 22:40:09 INFO  IncentiveAdapter:129 - Incentive was sent to the peer/collective with id: shakedhi
2016-09-27 22:40:09 INFO  IncentiveAdapter:76 - Received intervention request (data: {"intervention_text": "hello!", "recipient": {"type": "peer", "id": "shakedhi"}, "intervention_type": "message"})
2016-09-27 22:40:09 INFO  IncentiveAdapter:129 - Incentive was sent to the peer/collective with id: shakedhi
2016-09-27 22:40:09 INFO  PeerManager:63 - { "username": "shakedhi", "available": true, "deliveryPolicy": 0, "deliveryAddress": [ { "channelType": "Email", "contactParams": [ "shakedhi@post.bgu.ac.il" ] } ]}
2016-09-27 22:40:12 INFO  IncentiveAdapter:76 - Received intervention request (data: {"intervention_text": "hello!", "recipient": {"type": "peer", "id": "shakedhi"}, "intervention_type": "message"})
2016-09-27 22:40:12 INFO  IncentiveAdapter:129 - Incentive was sent to the peer/collective with id: shakedhi
2016-09-27 22:44:32 INFO  IncentiveAdapter:76 - Received intervention request (data: {"intervention_text": "hello!", "recipient": {"type": "peer", "id": "shakedhi"}, "intervention_type": "message"})
2016-09-27 22:44:32 INFO  IncentiveAdapter:129 - Incentive was sent to the peer/collective with id: shakedhi
2016-09-27 22:44:32 INFO  IncentiveAdapter:76 - Received intervention request (data: {"intervention_text": "hello!", "recipient": {"type": "peer", "id": "shakedhi"}, "intervention_type": "message"})
2016-09-27 22:44:32 INFO  IncentiveAdapter:129 - Incentive was sent to the peer/collective with id: shakedhi
2016-09-27 22:45:11 INFO  IncentiveAdapter:76 - Received intervention request (data: {"intervention_text": "hello!", "recipient": {"type": "peer", "id": "shakedhi"}, "intervention_type": "message"})
2016-09-27 22:45:11 INFO  IncentiveAdapter:129 - Incentive was sent to the peer/collective with id: shakedhi
2016-09-27 22:54:12 INFO  IncentiveAdapter:76 - Received intervention request (data: {"intervention_text": "hello!", "recipient": {"type": "peer", "id": "shakedhi"}, "intervention_type": "message"})
2016-09-27 22:54:12 INFO  IncentiveAdapter:129 - Incentive was sent to the peer/collective with id: shakedhi
2016-09-27 22:54:12 INFO  PeerManager:63 - { "username": "shakedhi", "available": true, "deliveryPolicy": 0, "deliveryAddress": [ { "channelType": "Email", "contactParams": [ "shakedhi@post.bgu.ac.il" ] } ]}
2016-09-27 22:57:32 INFO  IncentiveAdapter:76 - Received intervention request (data: {"intervention_text": "hello!", "recipient": {"type": "peer", "id": "shakedhi"}, "intervention_type": "message"})
2016-09-27 22:57:32 INFO  IncentiveAdapter:129 - Incentive was sent to the peer/collective with id: shakedhi
2016-09-27 22:57:53 INFO  IncentiveAdapter:76 - Received intervention request (data: {"intervention_text": "hello!", "recipient": {"type": "peer", "id": "shakedhi"}, "intervention_type": "message"})
2016-09-27 22:57:53 INFO  IncentiveAdapter:129 - Incentive was sent to the peer/collective with id: shakedhi
2016-09-27 22:58:33 INFO  IncentiveAdapter:76 - Received intervention request (data: {"intervention_text": "hello!", "recipient": {"type": "peer", "id": "shakedhi"}, "intervention_type": "message"})
2016-09-27 22:58:33 INFO  IncentiveAdapter:129 - Incentive was sent to the peer/collective with id: shakedhi
2016-09-27 23:00:30 INFO  IncentiveAdapter:66 - Pusher client is CONNECTED
2016-09-27 23:03:20 INFO  IncentiveAdapter:76 - Received intervention request (data: {"intervention_text": "hi man!", "recipient": {"type": "peer", "id": "shakedhi"}, "intervention_type": "message"})
2016-09-27 23:03:20 INFO  IncentiveAdapter:129 - Incentive was sent to the peer/collective with id: shakedhi
2016-09-27 23:03:21 INFO  PeerManager:63 - { "username": "shakedhi", "available": true, "deliveryPolicy": 0, "deliveryAddress": [ { "channelType": "Email", "contactParams": [ "shakedhi@post.bgu.ac.il" ] } ]}
2016-09-27 23:07:17 INFO  IncentiveAdapter:76 - Received intervention request (data: {"intervention_text": "some preconfigured message", "recipient": {"type": "peer", "id": "shakedhi"}, "intervention_type": "message"})
2016-09-27 23:07:17 INFO  IncentiveAdapter:129 - Incentive was sent to the peer/collective with id: shakedhi
